2026-07-22 12:00:00 DEBUG powershell.exe -enc AAAA (seq=0)
2026-07-22 12:00:01 INFO  cert validation failed (seq=1)
2026-07-22 12:00:02 ERROR quarantine moved file (seq=2)
2026-07-22 12:00:03 WARN  powershell.exe -enc AAAA (seq=3)
2026-07-22 12:00:04 INFO  quarantine moved file (seq=4)
2026-07-22 12:00:05 INFO  rollback detected (seq=5)
2026-07-22 12:00:06 WARN  license check passed (seq=6)
2026-07-22 12:00:07 ERROR rollback detected (seq=7)
2026-07-22 12:00:08 DEBUG Signature update ok (seq=8)
2026-07-22 12:00:09 INFO  license check passed (seq=9)
2026-07-22 12:00:10 INFO  powershell.exe -enc AAAA (seq=10)
2026-07-22 12:00:11 WARN  powershell.exe -enc AAAA (seq=11)
2026-07-22 12:00:12 INFO  license check passed (seq=12)
2026-07-22 12:00:13 DEBUG Real-time scan queued (seq=13)
2026-07-22 12:00:14 INFO  Real-time scan queued (seq=14)
2026-07-22 12:00:15 ERROR timeout contacting cloud (seq=15)
2026-07-22 12:00:16 DEBUG timeout contacting cloud (seq=16)
2026-07-22 12:00:17 INFO  Signature update ok (seq=17)
2026-07-22 12:00:18 INFO  timeout contacting cloud (seq=18)
2026-07-22 12:00:19 ERROR license check passed (seq=19)
2026-07-22 12:00:20 WARN  timeout contacting cloud (seq=20)
2026-07-22 12:00:21 INFO  rollback detected (seq=21)
2026-07-22 12:00:22 WARN  rollback detected (seq=22)
2026-07-22 12:00:23 WARN  powershell.exe -enc AAAA (seq=23)
2026-07-22 12:00:24 DEBUG license check passed (seq=24)
2026-07-22 12:00:25 INFO  license check passed (seq=25)
2026-07-22 12:00:26 DEBUG quarantine moved file (seq=26)
2026-07-22 12:00:27 DEBUG cert validation failed (seq=27)
2026-07-22 12:00:28 WARN  Signature update ok (seq=28)
2026-07-22 12:00:29 DEBUG license check passed (seq=29)
2026-07-22 12:00:30 INFO  powershell.exe -enc AAAA (seq=30)
2026-07-22 12:00:31 DEBUG license check passed (seq=31)
2026-07-22 12:00:32 INFO  rollback detected (seq=32)
2026-07-22 12:00:33 ERROR cert validation failed (seq=33)
2026-07-22 12:00:34 INFO  quarantine moved file (seq=34)
2026-07-22 12:00:35 INFO  Signature update ok (seq=35)
2026-07-22 12:00:36 INFO  quarantine moved file (seq=36)
2026-07-22 12:00:37 INFO  timeout contacting cloud (seq=37)
2026-07-22 12:00:38 INFO  powershell.exe -enc AAAA (seq=38)
2026-07-22 12:00:39 INFO  quarantine moved file (seq=39)
2026-07-22 12:00:40 DEBUG Real-time scan queued (seq=40)
2026-07-22 12:00:41 INFO  powershell.exe -enc AAAA (seq=41)
2026-07-22 12:00:42 ERROR Real-time scan queued (seq=42)
2026-07-22 12:00:43 DEBUG powershell.exe -enc AAAA (seq=43)
2026-07-22 12:00:44 DEBUG Signature update ok (seq=44)
2026-07-22 12:00:45 INFO  cert validation failed (seq=45)
2026-07-22 12:00:46 INFO  quarantine moved file (seq=46)
2026-07-22 12:00:47 INFO  cert validation failed (seq=47)
2026-07-22 12:00:48 INFO  rollback detected (seq=48)
2026-07-22 12:00:49 INFO  Signature update ok (seq=49)
2026-07-22 12:00:50 INFO  license check passed (seq=50)
2026-07-22 12:00:51 INFO  powershell.exe -enc AAAA (seq=51)
2026-07-22 12:00:52 DEBUG cert validation failed (seq=52)
2026-07-22 12:00:53 INFO  cert validation failed (seq=53)
2026-07-22 12:00:54 INFO  quarantine moved file (seq=54)
2026-07-22 12:00:55 DEBUG timeout contacting cloud (seq=55)
2026-07-22 12:00:56 INFO  timeout contacting cloud (seq=56)
2026-07-22 12:00:57 ERROR rollback detected (seq=57)
2026-07-22 12:00:58 WARN  Real-time scan queued (seq=58)
2026-07-22 12:00:59 DEBUG rollback detected (seq=59)
2026-07-22 12:01:00 INFO  Real-time scan queued (seq=60)
2026-07-22 12:01:01 ERROR quarantine moved file (seq=61)
2026-07-22 12:01:02 INFO  license check passed (seq=62)
2026-07-22 12:01:03 INFO  license check passed (seq=63)
2026-07-22 12:01:04 INFO  quarantine moved file (seq=64)
2026-07-22 12:01:05 ERROR Real-time scan queued (seq=65)
2026-07-22 12:01:06 DEBUG Real-time scan queued (seq=66)
2026-07-22 12:01:07 INFO  quarantine moved file (seq=67)
2026-07-22 12:01:08 INFO  Real-time scan queued (seq=68)
2026-07-22 12:01:09 WARN  rollback detected (seq=69)
2026-07-22 12:01:10 INFO  cert validation failed (seq=70)
2026-07-22 12:01:11 INFO  timeout contacting cloud (seq=71)
2026-07-22 12:01:12 INFO  timeout contacting cloud (seq=72)
2026-07-22 12:01:13 INFO  cert validation failed (seq=73)
2026-07-22 12:01:14 WARN  powershell.exe -enc AAAA (seq=74)
2026-07-22 12:01:15 INFO  license check passed (seq=75)
2026-07-22 12:01:16 INFO  Signature update ok (seq=76)
2026-07-22 12:01:17 INFO  cert validation failed (seq=77)
2026-07-22 12:01:18 INFO  powershell.exe -enc AAAA (seq=78)
2026-07-22 12:01:19 ERROR Signature update ok (seq=79)
2026-07-22 12:01:20 INFO  Real-time scan queued (seq=80)
2026-07-22 12:01:21 WARN  rollback detected (seq=81)
2026-07-22 12:01:22 INFO  quarantine moved file (seq=82)
2026-07-22 12:01:23 INFO  quarantine moved file (seq=83)
2026-07-22 12:01:24 INFO  cert validation failed (seq=84)
2026-07-22 12:01:25 INFO  Real-time scan queued (seq=85)
2026-07-22 12:01:26 INFO  timeout contacting cloud (seq=86)
2026-07-22 12:01:27 ERROR rollback detected (seq=87)
2026-07-22 12:01:28 WARN  quarantine moved file (seq=88)
2026-07-22 12:01:29 INFO  powershell.exe -enc AAAA (seq=89)
2026-07-22 12:01:30 ERROR cert validation failed (seq=90)
2026-07-22 12:01:31 INFO  license check passed (seq=91)
2026-07-22 12:01:32 WARN  timeout contacting cloud (seq=92)
2026-07-22 12:01:33 INFO  Real-time scan queued (seq=93)
2026-07-22 12:01:34 ERROR timeout contacting cloud (seq=94)
2026-07-22 12:01:35 ERROR timeout contacting cloud (seq=95)
2026-07-22 12:01:36 WARN  Signature update ok (seq=96)
2026-07-22 12:01:37 WARN  license check passed (seq=97)
2026-07-22 12:01:38 DEBUG license check passed (seq=98)
2026-07-22 12:01:39 INFO  cert validation failed (seq=99)
2026-07-22 12:01:40 INFO  quarantine moved file (seq=100)
2026-07-22 12:01:41 ERROR cert validation failed (seq=101)
2026-07-22 12:01:42 DEBUG cert validation failed (seq=102)
2026-07-22 12:01:43 DEBUG powershell.exe -enc AAAA (seq=103)
2026-07-22 12:01:44 ERROR timeout contacting cloud (seq=104)
2026-07-22 12:01:45 INFO  cert validation failed (seq=105)
2026-07-22 12:01:46 DEBUG rollback detected (seq=106)
2026-07-22 12:01:47 INFO  quarantine moved file (seq=107)
2026-07-22 12:01:48 ERROR quarantine moved file (seq=108)
2026-07-22 12:01:49 ERROR powershell.exe -enc AAAA (seq=109)
2026-07-22 12:01:50 INFO  quarantine moved file (seq=110)
2026-07-22 12:01:51 DEBUG quarantine moved file (seq=111)
2026-07-22 12:01:52 WARN  Real-time scan queued (seq=112)
2026-07-22 12:01:53 INFO  license check passed (seq=113)
2026-07-22 12:01:54 ERROR Real-time scan queued (seq=114)
2026-07-22 12:01:55 INFO  cert validation failed (seq=115)
2026-07-22 12:01:56 ERROR cert validation failed (seq=116)
2026-07-22 12:01:57 INFO  timeout contacting cloud (seq=117)
2026-07-22 12:01:58 INFO  timeout contacting cloud (seq=118)
2026-07-22 12:01:59 ERROR powershell.exe -enc AAAA (seq=119)
2026-07-22 12:02:00 INFO  powershell.exe -enc AAAA (seq=120)
2026-07-22 12:02:01 ERROR Signature update ok (seq=121)
2026-07-22 12:02:02 INFO  Signature update ok (seq=122)
2026-07-22 12:02:03 WARN  rollback detected (seq=123)
2026-07-22 12:02:04 INFO  license check passed (seq=124)
2026-07-22 12:02:05 INFO  quarantine moved file (seq=125)
2026-07-22 12:02:06 INFO  Real-time scan queued (seq=126)
2026-07-22 12:02:07 WARN  rollback detected (seq=127)
2026-07-22 12:02:08 WARN  powershell.exe -enc AAAA (seq=128)
2026-07-22 12:02:09 INFO  quarantine moved file (seq=129)
2026-07-22 12:02:10 DEBUG Signature update ok (seq=130)
2026-07-22 12:02:11 INFO  timeout contacting cloud (seq=131)
2026-07-22 12:02:12 DEBUG Signature update ok (seq=132)
2026-07-22 12:02:13 WARN  cert validation failed (seq=133)
2026-07-22 12:02:14 WARN  quarantine moved file (seq=134)
2026-07-22 12:02:15 INFO  timeout contacting cloud (seq=135)
2026-07-22 12:02:16 INFO  rollback detected (seq=136)
2026-07-22 12:02:17 DEBUG cert validation failed (seq=137)
2026-07-22 12:02:18 INFO  cert validation failed (seq=138)
2026-07-22 12:02:19 DEBUG Real-time scan queued (seq=139)
2026-07-22 12:02:20 INFO  rollback detected (seq=140)
2026-07-22 12:02:21 INFO  timeout contacting cloud (seq=141)
2026-07-22 12:02:22 INFO  license check passed (seq=142)
2026-07-22 12:02:23 WARN  timeout contacting cloud (seq=143)
2026-07-22 12:02:24 DEBUG quarantine moved file (seq=144)
2026-07-22 12:02:25 WARN  quarantine moved file (seq=145)
2026-07-22 12:02:26 WARN  cert validation failed (seq=146)
2026-07-22 12:02:27 INFO  quarantine moved file (seq=147)
2026-07-22 12:02:28 INFO  timeout contacting cloud (seq=148)
2026-07-22 12:02:29 INFO  quarantine moved file (seq=149)
2026-07-22 12:02:30 INFO  Signature update ok (seq=150)
2026-07-22 12:02:31 DEBUG timeout contacting cloud (seq=151)
2026-07-22 12:02:32 ERROR rollback detected (seq=152)
2026-07-22 12:02:33 ERROR cert validation failed (seq=153)
2026-07-22 12:02:34 INFO  powershell.exe -enc AAAA (seq=154)
2026-07-22 12:02:35 INFO  Real-time scan queued (seq=155)
2026-07-22 12:02:36 WARN  rollback detected (seq=156)
2026-07-22 12:02:37 INFO  quarantine moved file (seq=157)
2026-07-22 12:02:38 INFO  quarantine moved file (seq=158)
2026-07-22 12:02:39 DEBUG rollback detected (seq=159)
2026-07-22 12:02:40 INFO  license check passed (seq=160)
2026-07-22 12:02:41 WARN  rollback detected (seq=161)
2026-07-22 12:02:42 INFO  rollback detected (seq=162)
2026-07-22 12:02:43 DEBUG Signature update ok (seq=163)
2026-07-22 12:02:44 INFO  timeout contacting cloud (seq=164)
2026-07-22 12:02:45 WARN  Signature update ok (seq=165)
2026-07-22 12:02:46 INFO  cert validation failed (seq=166)
2026-07-22 12:02:47 INFO  Real-time scan queued (seq=167)
2026-07-22 12:02:48 INFO  Signature update ok (seq=168)
2026-07-22 12:02:49 INFO  powershell.exe -enc AAAA (seq=169)
2026-07-22 12:02:50 INFO  cert validation failed (seq=170)
2026-07-22 12:02:51 INFO  license check passed (seq=171)
2026-07-22 12:02:52 INFO  rollback detected (seq=172)
2026-07-22 12:02:53 INFO  timeout contacting cloud (seq=173)
2026-07-22 12:02:54 WARN  powershell.exe -enc AAAA (seq=174)
2026-07-22 12:02:55 DEBUG quarantine moved file (seq=175)
2026-07-22 12:02:56 DEBUG Signature update ok (seq=176)
2026-07-22 12:02:57 ERROR powershell.exe -enc AAAA (seq=177)
2026-07-22 12:02:58 INFO  license check passed (seq=178)
2026-07-22 12:02:59 INFO  powershell.exe -enc AAAA (seq=179)
2026-07-22 12:03:00 INFO  timeout contacting cloud (seq=180)
2026-07-22 12:03:01 DEBUG Signature update ok (seq=181)
2026-07-22 12:03:02 WARN  cert validation failed (seq=182)
2026-07-22 12:03:03 WARN  license check passed (seq=183)
2026-07-22 12:03:04 DEBUG license check passed (seq=184)
2026-07-22 12:03:05 WARN  quarantine moved file (seq=185)
2026-07-22 12:03:06 INFO  timeout contacting cloud (seq=186)
2026-07-22 12:03:07 ERROR powershell.exe -enc AAAA (seq=187)
2026-07-22 12:03:08 DEBUG quarantine moved file (seq=188)
2026-07-22 12:03:09 INFO  rollback detected (seq=189)
2026-07-22 12:03:10 INFO  Signature update ok (seq=190)
2026-07-22 12:03:11 INFO  Real-time scan queued (seq=191)
2026-07-22 12:03:12 INFO  Real-time scan queued (seq=192)
2026-07-22 12:03:13 ERROR quarantine moved file (seq=193)
2026-07-22 12:03:14 INFO  Signature update ok (seq=194)
2026-07-22 12:03:15 INFO  cert validation failed (seq=195)
2026-07-22 12:03:16 DEBUG quarantine moved file (seq=196)
2026-07-22 12:03:17 INFO  rollback detected (seq=197)
2026-07-22 12:03:18 DEBUG Real-time scan queued (seq=198)
2026-07-22 12:03:19 INFO  Real-time scan queued (seq=199)
2026-07-22 12:03:20 INFO  license check passed (seq=200)
2026-07-22 12:03:21 INFO  powershell.exe -enc AAAA (seq=201)
2026-07-22 12:03:22 INFO  cert validation failed (seq=202)
2026-07-22 12:03:23 ERROR timeout contacting cloud (seq=203)
2026-07-22 12:03:24 DEBUG quarantine moved file (seq=204)
2026-07-22 12:03:25 INFO  Signature update ok (seq=205)
2026-07-22 12:03:26 ERROR powershell.exe -enc AAAA (seq=206)
2026-07-22 12:03:27 ERROR license check passed (seq=207)
2026-07-22 12:03:28 INFO  timeout contacting cloud (seq=208)
2026-07-22 12:03:29 WARN  cert validation failed (seq=209)
2026-07-22 12:03:30 INFO  timeout contacting cloud (seq=210)
2026-07-22 12:03:31 INFO  powershell.exe -enc AAAA (seq=211)
2026-07-22 12:03:32 INFO  license check passed (seq=212)
2026-07-22 12:03:33 DEBUG license check passed (seq=213)
2026-07-22 12:03:34 DEBUG rollback detected (seq=214)
2026-07-22 12:03:35 WARN  Signature update ok (seq=215)
2026-07-22 12:03:36 INFO  rollback detected (seq=216)
2026-07-22 12:03:37 INFO  quarantine moved file (seq=217)
2026-07-22 12:03:38 INFO  cert validation failed (seq=218)
2026-07-22 12:03:39 WARN  powershell.exe -enc AAAA (seq=219)
2026-07-22 12:03:40 ERROR powershell.exe -enc AAAA (seq=220)
2026-07-22 12:03:41 INFO  quarantine moved file (seq=221)
2026-07-22 12:03:42 DEBUG Real-time scan queued (seq=222)
2026-07-22 12:03:43 INFO  license check passed (seq=223)
2026-07-22 12:03:44 WARN  license check passed (seq=224)
2026-07-22 12:03:45 ERROR Real-time scan queued (seq=225)
2026-07-22 12:03:46 WARN  license check passed (seq=226)
2026-07-22 12:03:47 INFO  timeout contacting cloud (seq=227)
2026-07-22 12:03:48 WARN  cert validation failed (seq=228)
2026-07-22 12:03:49 WARN  powershell.exe -enc AAAA (seq=229)
2026-07-22 12:03:50 WARN  cert validation failed (seq=230)
2026-07-22 12:03:51 WARN  cert validation failed (seq=231)
2026-07-22 12:03:52 INFO  timeout contacting cloud (seq=232)
2026-07-22 12:03:53 INFO  cert validation failed (seq=233)
2026-07-22 12:03:54 INFO  rollback detected (seq=234)
2026-07-22 12:03:55 DEBUG cert validation failed (seq=235)
2026-07-22 12:03:56 INFO  timeout contacting cloud (seq=236)
2026-07-22 12:03:57 ERROR Real-time scan queued (seq=237)
2026-07-22 12:03:58 INFO  Signature update ok (seq=238)
2026-07-22 12:03:59 INFO  Signature update ok (seq=239)
2026-07-22 12:04:00 INFO  Signature update ok (seq=240)
2026-07-22 12:04:01 INFO  cert validation failed (seq=241)
2026-07-22 12:04:02 ERROR license check passed (seq=242)
2026-07-22 12:04:03 DEBUG quarantine moved file (seq=243)
2026-07-22 12:04:04 ERROR timeout contacting cloud (seq=244)
2026-07-22 12:04:05 INFO  rollback detected (seq=245)
2026-07-22 12:04:06 INFO  Real-time scan queued (seq=246)
2026-07-22 12:04:07 WARN  quarantine moved file (seq=247)
2026-07-22 12:04:08 WARN  powershell.exe -enc AAAA (seq=248)
2026-07-22 12:04:09 INFO  rollback detected (seq=249)
2026-07-22 12:04:10 INFO  Signature update ok (seq=250)
2026-07-22 12:04:11 WARN  license check passed (seq=251)
2026-07-22 12:04:12 DEBUG powershell.exe -enc AAAA (seq=252)
2026-07-22 12:04:13 INFO  rollback detected (seq=253)
2026-07-22 12:04:14 WARN  powershell.exe -enc AAAA (seq=254)
2026-07-22 12:04:15 INFO  timeout contacting cloud (seq=255)
2026-07-22 12:04:16 WARN  Real-time scan queued (seq=256)
2026-07-22 12:04:17 INFO  powershell.exe -enc AAAA (seq=257)
2026-07-22 12:04:18 INFO  powershell.exe -enc AAAA (seq=258)
2026-07-22 12:04:19 WARN  rollback detected (seq=259)
2026-07-22 12:04:20 WARN  timeout contacting cloud (seq=260)
2026-07-22 12:04:21 ERROR timeout contacting cloud (seq=261)
2026-07-22 12:04:22 WARN  cert validation failed (seq=262)
2026-07-22 12:04:23 DEBUG timeout contacting cloud (seq=263)
2026-07-22 12:04:24 INFO  rollback detected (seq=264)
2026-07-22 12:04:25 ERROR cert validation failed (seq=265)
2026-07-22 12:04:26 ERROR quarantine moved file (seq=266)
2026-07-22 12:04:27 INFO  Signature update ok (seq=267)
2026-07-22 12:04:28 INFO  powershell.exe -enc AAAA (seq=268)
2026-07-22 12:04:29 INFO  cert validation failed (seq=269)
2026-07-22 12:04:30 WARN  license check passed (seq=270)
2026-07-22 12:04:31 ERROR cert validation failed (seq=271)
2026-07-22 12:04:32 WARN  license check passed (seq=272)
2026-07-22 12:04:33 INFO  rollback detected (seq=273)
2026-07-22 12:04:34 DEBUG Signature update ok (seq=274)
2026-07-22 12:04:35 INFO  Signature update ok (seq=275)
2026-07-22 12:04:36 DEBUG license check passed (seq=276)
2026-07-22 12:04:37 INFO  powershell.exe -enc AAAA (seq=277)
2026-07-22 12:04:38 INFO  quarantine moved file (seq=278)
2026-07-22 12:04:39 INFO  Real-time scan queued (seq=279)
2026-07-22 12:04:40 INFO  Signature update ok (seq=280)
2026-07-22 12:04:41 INFO  Real-time scan queued (seq=281)
2026-07-22 12:04:42 DEBUG powershell.exe -enc AAAA (seq=282)
2026-07-22 12:04:43 ERROR Signature update ok (seq=283)
2026-07-22 12:04:44 INFO  cert validation failed (seq=284)
2026-07-22 12:04:45 WARN  Real-time scan queued (seq=285)
2026-07-22 12:04:46 INFO  Signature update ok (seq=286)
2026-07-22 12:04:47 INFO  rollback detected (seq=287)
2026-07-22 12:04:48 INFO  Signature update ok (seq=288)
2026-07-22 12:04:49 INFO  Signature update ok (seq=289)
2026-07-22 12:04:50 INFO  quarantine moved file (seq=290)
2026-07-22 12:04:51 ERROR license check passed (seq=291)
2026-07-22 12:04:52 WARN  Signature update ok (seq=292)
2026-07-22 12:04:53 INFO  Signature update ok (seq=293)
2026-07-22 12:04:54 ERROR timeout contacting cloud (seq=294)
2026-07-22 12:04:55 DEBUG rollback detected (seq=295)
2026-07-22 12:04:56 INFO  powershell.exe -enc AAAA (seq=296)
2026-07-22 12:04:57 DEBUG timeout contacting cloud (seq=297)
2026-07-22 12:04:58 INFO  Real-time scan queued (seq=298)
2026-07-22 12:04:59 INFO  timeout contacting cloud (seq=299)
